{"level":"error","message":"timestamp: Thu Feb 22 2024 12:05:28 GMT+0530 (India Standard Time) request URL: /api/cartItems/, error: ReferenceError: next is not defined"}
{"level":"error","message":"timestamp: Mon Mar 04 2024 15:21:21 GMT+0530 (India Standard Time) request URL: /api/products/rateproduct, error: ReferenceError: ApplicationError is not defined"}
{"level":"error","message":"timestamp: Mon Mar 04 2024 15:22:23 GMT+0530 (India Standard Time) request URL: /api/products/rateproduct, error: ReferenceError: ApplicationError is not defined"}
{"level":"error","message":"timestamp: Mon Mar 04 2024 15:23:44 GMT+0530 (India Standard Time) request URL: /api/products/rateproduct, error: ReferenceError: ApplicationError is not defined"}
{"level":"error","message":"timestamp: Mon Mar 04 2024 15:38:10 GMT+0530 (India Standard Time) request URL: /api/products/rateproduct, error: ReferenceError: ApplicationError is not defined"}
{"level":"error","message":"timestamp: Mon Mar 04 2024 15:39:18 GMT+0530 (India Standard Time) request URL: /api/products/rateproduct, error: ReferenceError: ApplicationError is not defined"}
{"level":"error","message":"timestamp: Tue Mar 05 2024 20:28:58 GMT+0530 (India Standard Time) request URL: /api/products, error: SyntaxError: Unexpected token } in JSON at position 140"}
{"level":"error","message":"timestamp: Tue Mar 05 2024 20:29:09 GMT+0530 (India Standard Time) request URL: /api/products, error: SyntaxError: Unexpected token } in JSON at position 140"}
{"level":"error","message":"timestamp: Tue Mar 05 2024 20:32:26 GMT+0530 (India Standard Time) request URL: /api/products, error: SyntaxError: Unexpected token } in JSON at position 140"}
{"level":"error","message":"timestamp: Tue Mar 05 2024 20:34:08 GMT+0530 (India Standard Time) request URL: /api/products, error: SyntaxError: Unexpected token } in JSON at position 140"}
{"level":"error","message":"timestamp: Tue Mar 05 2024 20:35:07 GMT+0530 (India Standard Time) request URL: /api/products, error: SyntaxError: Unexpected token } in JSON at position 140"}
{"level":"error","message":"timestamp: Tue Mar 05 2024 20:35:34 GMT+0530 (India Standard Time) request URL: /api/products, error: SyntaxError: Unexpected token } in JSON at position 140"}
{"level":"error","message":"timestamp: Sun May 12 2024 20:34:19 GMT+0530 (India Standard Time) request URL: /api/products/rateproduct, error: ReferenceError: reqs is not defined"}
{"level":"error","message":"timestamp: Sun May 12 2024 20:34:30 GMT+0530 (India Standard Time) request URL: /api/products/rateproduct, error: ReferenceError: reqsfdtf is not defined"}
{"level":"error","message":"timestamp: Tue May 14 2024 10:16:04 GMT+0530 (India Standard Time) request URL: /api/users/signup, error: Error: Something"}
{"level":"error","message":"timestamp: Thu Aug 29 2024 10:25:52 GMT+0530 (India Standard Time) request URL: /api/users/signup, error: SyntaxError: Unexpected token \n in JSON at position 19"}
{"level":"error","message":"timestamp: Thu Aug 29 2024 10:27:55 GMT+0530 (India Standard Time) request URL: /api/users/signup, error: SyntaxError: Unexpected token \n in JSON at position 19"}
{"level":"error","message":"timestamp: Thu Aug 29 2024 10:28:14 GMT+0530 (India Standard Time) request URL: /api/users/signup, error: SyntaxError: Unexpected token \n in JSON at position 19"}
{"level":"error","message":"timestamp: Thu Aug 29 2024 10:29:03 GMT+0530 (India Standard Time) request URL: /api/users/signup, error: SyntaxError: Unexpected token } in JSON at position 91"}
{"level":"error","message":"timestamp: Thu Aug 29 2024 10:29:18 GMT+0530 (India Standard Time) request URL: /api/users/signup, error: SyntaxError: Unexpected token } in JSON at position 91"}
{"level":"error","message":"timestamp: Thu Aug 29 2024 17:39:42 GMT+0530 (India Standard Time) request URL: /api/products, error: SyntaxError: Unexpected token C in JSON at position 112"}
